\BOOKMARK [1][-]{section.1}{Objective}{}% 1
\BOOKMARK [1][-]{section.2}{Caveat}{}% 2
\BOOKMARK [1][-]{section.3}{Why needed}{}% 3
\BOOKMARK [1][-]{section.4}{What should the structure of the equations be?}{}% 4
\BOOKMARK [2][-]{subsection.4.1}{Height}{section.4}% 5
\BOOKMARK [2][-]{subsection.4.2}{DBH}{section.4}% 6
\BOOKMARK [2][-]{subsection.4.3}{sigmoidal forms, see the citations within:}{section.4}% 7
\BOOKMARK [2][-]{subsection.4.4}{It would be nice to have repeat measures of trees to get diameter increments. Individual variation can be large and noisy.}{section.4}% 8
\BOOKMARK [2][-]{subsection.4.5}{Could the response be multivariate? For example: height, crown length, leaf area etc are covariate. Modeling them together could make senseATTACH}{section.4}% 9
\BOOKMARK [2][-]{subsection.4.6}{mcphersonsimpson99}{section.4}% 10
\BOOKMARK [1][-]{section.5}{Introduction}{}% 11
\BOOKMARK [2][-]{subsection.5.1}{past work}{section.5}% 12
\BOOKMARK [2][-]{subsection.5.2}{urban trees equations}{section.5}% 13
\BOOKMARK [2][-]{subsection.5.3}{past modelling}{section.5}% 14
\BOOKMARK [1][-]{section.6}{Methods}{}% 15
\BOOKMARK [2][-]{subsection.6.1}{Data}{section.6}% 16
\BOOKMARK [3][-]{subsubsection.6.1.1}{Tidy data for this analysis}{subsection.6.1}% 17
\BOOKMARK [3][-]{subsubsection.6.1.2}{The Species for which we have age and dbh:}{subsection.6.1}% 18
\BOOKMARK [3][-]{subsubsection.6.1.3}{Cities and Climate}{subsection.6.1}% 19
\BOOKMARK [3][-]{subsubsection.6.1.4}{TODO Get new climate data. Growing degree days and Precip. Make plots}{subsection.6.1}% 20
\BOOKMARK [3][-]{subsubsection.6.1.5}{Making figures for this data section}{subsection.6.1}% 21
\BOOKMARK [2][-]{subsection.6.2}{Modelling}{section.6}% 22
\BOOKMARK [3][-]{subsubsection.6.2.1}{Model}{subsection.6.2}% 23
\BOOKMARK [3][-]{subsubsection.6.2.2}{fitting model}{subsection.6.2}% 24
\BOOKMARK [3][-]{subsubsection.6.2.3}{model form: Weibull}{subsection.6.2}% 25
\BOOKMARK [3][-]{subsubsection.6.2.4}{a look at gamma family}{subsection.6.2}% 26
\BOOKMARK [3][-]{subsubsection.6.2.5}{TODO genus: none; species: single; cities: single; climate: none; hetero: no; family gamma}{subsection.6.2}% 27
\BOOKMARK [3][-]{subsubsection.6.2.6}{TODO genus: many; species: many; cities: many; climate: b1linint; hetero: no; family: Gamma}{subsection.6.2}% 28
\BOOKMARK [3][-]{subsubsection.6.2.7}{TODO genus: many; species: many; cities: many; climate: b3linint; hetero: no; family: Gamma Would need to fix priors!}{subsection.6.2}% 29
\BOOKMARK [3][-]{subsubsection.6.2.8}{Full model}{subsection.6.2}% 30
\BOOKMARK [3][-]{subsubsection.6.2.9}{for diagnostics}{subsection.6.2}% 31
\BOOKMARK [3][-]{subsubsection.6.2.10}{look at distributions}{subsection.6.2}% 32
\BOOKMARK [1][-]{section.7}{Results}{}% 33
\BOOKMARK [1][-]{section.8}{Discussoins}{}% 34
\BOOKMARK [1][-]{section.9}{Exploring age and dbh}{}% 35
\BOOKMARK [2][-]{subsection.9.1}{load libraries}{section.9}% 36
\BOOKMARK [2][-]{subsection.9.2}{functions}{section.9}% 37
\BOOKMARK [2][-]{subsection.9.3}{read in data}{section.9}% 38
\BOOKMARK [2][-]{subsection.9.4}{fix some species things}{section.9}% 39
\BOOKMARK [3][-]{subsubsection.9.4.1}{fix lower case species codes}{subsection.9.4}% 40
\BOOKMARK [3][-]{subsubsection.9.4.2}{fix QUAG1 to be QUAG}{subsection.9.4}% 41
\BOOKMARK [3][-]{subsubsection.9.4.3}{fix common names}{subsection.9.4}% 42
\BOOKMARK [2][-]{subsection.9.5}{species are}{section.9}% 43
\BOOKMARK [2][-]{subsection.9.6}{tidy a few names and select variables of interest here}{section.9}% 44
\BOOKMARK [2][-]{subsection.9.7}{plot age versus dbh for all trees}{section.9}% 45
\BOOKMARK [2][-]{subsection.9.8}{AGE versus dbh by cities}{section.9}% 46
\BOOKMARK [2][-]{subsection.9.9}{AGE versus DBH by species}{section.9}% 47
\BOOKMARK [2][-]{subsection.9.10}{AGE versus DBH by species for species that are in more than 1 city}{section.9}% 48
\BOOKMARK [3][-]{subsubsection.9.10.1}{Each panel is a species, Each color is a different city}{subsection.9.10}% 49
\BOOKMARK [3][-]{subsubsection.9.10.2}{Adding Loess trend lines}{subsection.9.10}% 50
\BOOKMARK [2][-]{subsection.9.11}{Plot Urban Tree Allometric equations on top of data}{section.9}% 51
